Using pre-set license
Built from '2020.3/release' branch; Version is '2020.3.7f1 (dd97f2c94397) revision 14522354'; Using compiler version '192528614'; Build Type 'Release'
OS: 'Windows 10 Pro; OS build 19041.1110; Version 2004; 64bit' Language: 'ru' Physical Memory: 32693 MB
BatchMode: 1, IsHumanControllingUs: 0, StartBugReporterOnCrash: 0, Is64bit: 1, IsPro: 0

 COMMAND LINE ARGUMENTS:
D:\UnityEditor\2020.3.7f1\Editor\Unity.exe
-adb2
-batchMode
-noUpm
-name
AssetImportWorker0
-projectPath
C:/Users/Romir/HomeWork6
-logFile
Logs/AssetImportWorker0.log
-srvPort
16069
Successfully changed project path to: C:/Users/Romir/HomeWork6
C:/Users/Romir/HomeWork6
Using Asset Import Pipeline V2.
Refreshing native plugins compatible for Editor in 28.26 ms, found 0 plugins.
Preloading 0 native plugins for Editor in 0.00 ms.
Initialize engine version: 2020.3.7f1 (dd97f2c94397)
[Subsystems] Discovering subsystems at path D:/UnityEditor/2020.3.7f1/Editor/Data/Resources/UnitySubsystems
[Subsystems] Discovering subsystems at path C:/Users/Romir/HomeWork6/Assets
GfxDevice: creating device client; threaded=0
Direct3D:
    Version:  Direct3D 11.0 [level 11.1]
    Renderer: NVIDIA GeForce RTX 2060 (ID=0x1f08)
    Vendor:   
    VRAM:     5980 MB
    Driver:   27.21.14.6089
Initialize mono
Mono path[0] = 'D:/UnityEditor/2020.3.7f1/Editor/Data/Managed'
Mono path[1] = 'D:/UnityEditor/2020.3.7f1/Editor/Data/MonoBleedingEdge/lib/mono/unityjit'
Mono config path = 'D:/UnityEditor/2020.3.7f1/Editor/Data/MonoBleedingEdge/etc'
Using monoOptions --debugger-agent=transport=dt_socket,embedding=1,server=y,suspend=n,address=127.0.0.1:56984
Begin MonoManager ReloadAssembly
Registering precompiled unity dll's ...
Register platform support module: D:/UnityEditor/2020.3.7f1/Editor/Data/PlaybackEngines/WebGLSupport/UnityEditor.WebGL.Extensions.dll
Register platform support module: D:/UnityEditor/2020.3.7f1/Editor/Data/PlaybackEngines/WindowsStandaloneSupport/UnityEditor.WindowsStandalone.Extensions.dll
Registered in 0.002886 seconds.
Native extension for WindowsStandalone target not found
Native extension for WebGL target not found
Refreshing native plugins compatible for Editor in 26.25 ms, found 0 plugins.
Preloading 0 native plugins for Editor in 0.00 ms.
Mono: successfully reloaded assembly
- Completed reload, in  2.100 seconds
Platform modules already initialized, skipping
Registering precompiled user dll's ...
Registered in 0.004617 seconds.
Begin MonoManager ReloadAssembly
Native extension for WindowsStandalone target not found
Native extension for WebGL target not found
Refreshing native plugins compatible for Editor in 0.21 ms, found 0 plugins.
Preloading 0 native plugins for Editor in 0.00 ms.
Mono: successfully reloaded assembly
- Completed reload, in  1.013 seconds
Platform modules already initialized, skipping
========================================================================
Worker process is ready to serve import requests
Launched and connected shader compiler UnityShaderCompiler.exe after 0.06 seconds
Refreshing native plugins compatible for Editor in 0.21 ms, found 0 plugins.
Preloading 0 native plugins for Editor in 0.00 ms.
Unloading 1115 Unused Serialized files (Serialized files now loaded: 0)
System memory in use before: 57.2 MB.
System memory in use after: 57.2 MB.

Unloading 10 unused Assets to reduce memory usage. Loaded Objects now: 1558.
Total: 1.645800 ms (FindLiveObjects: 0.125200 ms CreateObjectMapping: 0.030500 ms MarkObjects: 1.418200 ms  DeleteObjects: 0.071100 ms)

========================================================================
Received Import Request.
  path: Assets/Scenes
  artifactKey: Guid(d5a841dd966c49e48acefe1f492080ea) Importer(815301076,1909f56bfc062723c751e8b465ee728b)
Start importing Assets/Scenes using Guid(d5a841dd966c49e48acefe1f492080ea) Importer(815301076,1909f56bfc062723c751e8b465ee728b)  -> (artifact id: 'd5599995310e1de14d18c22c9bd8b8fd') in 0.039379 seconds
  Import took 0.041296 seconds .

========================================================================
Received Import Request.
  Time since last request: 0.386339 seconds.
  path: Assets/Scenes/PNG
  artifactKey: Guid(65244be18d0513548876496978a003c8) Importer(815301076,1909f56bfc062723c751e8b465ee728b)
Start importing Assets/Scenes/PNG using Guid(65244be18d0513548876496978a003c8) Importer(815301076,1909f56bfc062723c751e8b465ee728b)  -> (artifact id: '2efbdf43cafff9f7676d1f4690fd740a') in 0.027990 seconds
  Import took 0.031163 seconds .

========================================================================
Received Import Request.
  Time since last request: 8.498146 seconds.
  path: Assets/Scenes/PNG/photo_2021-07-26_21-39-01.jpg
  artifactKey: Guid(44a582d15f543e14e92f3ffeae08f17b) Importer(815301076,1909f56bfc062723c751e8b465ee728b)
Start importing Assets/Scenes/PNG/photo_2021-07-26_21-39-01.jpg using Guid(44a582d15f543e14e92f3ffeae08f17b) Importer(815301076,1909f56bfc062723c751e8b465ee728b)  -> (artifact id: '93350b40e7f3b02ce74fa3d7ea080151') in 0.244249 seconds
  Import took 0.246282 seconds .

========================================================================
Received Import Request.
  Time since last request: 22.628373 seconds.
  path: Assets/Scenes/PNG/photo_2021-07-26_21-39-01.jpg
  artifactKey: Guid(44a582d15f543e14e92f3ffeae08f17b) Importer(815301076,1909f56bfc062723c751e8b465ee728b)
Start importing Assets/Scenes/PNG/photo_2021-07-26_21-39-01.jpg using Guid(44a582d15f543e14e92f3ffeae08f17b) Importer(815301076,1909f56bfc062723c751e8b465ee728b)  -> (artifact id: '7554220c989ce979bde0f0b0ead92002') in 0.075863 seconds
  Import took 0.078158 seconds .

========================================================================
Received Import Request.
  Time since last request: 1084.982078 seconds.
  path: Assets
  artifactKey: Guid(00000000000000001000000000000000) Importer(815301076,1909f56bfc062723c751e8b465ee728b)
Start importing Assets using Guid(00000000000000001000000000000000) Importer(815301076,1909f56bfc062723c751e8b465ee728b)  -> (artifact id: '5f6a1853b736837ecfb0820a881449cb') in 0.028164 seconds
  Import took 0.084577 seconds .

========================================================================
Received Import Request.
  Time since last request: 20.656602 seconds.
  path: Assets/Scripts
  artifactKey: Guid(39d6b7112ada97144b839c67f84c665c) Importer(815301076,1909f56bfc062723c751e8b465ee728b)
Start importing Assets/Scripts using Guid(39d6b7112ada97144b839c67f84c665c) Importer(815301076,1909f56bfc062723c751e8b465ee728b)  -> (artifact id: '1a1af9cb45e0ecb5cb82d63eb0f6a478') in 0.027697 seconds
  Import took 0.030312 seconds .

========================================================================
Received Import Request.
  Time since last request: 29.561864 seconds.
  path: Assets/Scripts/Menu.cs
  artifactKey: Guid(66e7eb5e8a59dc942b5f9b60884f1ee9) Importer(815301076,1909f56bfc062723c751e8b465ee728b)
Start importing Assets/Scripts/Menu.cs using Guid(66e7eb5e8a59dc942b5f9b60884f1ee9) Importer(815301076,1909f56bfc062723c751e8b465ee728b)  -> (artifact id: '46332b44d44bd29a21f158d5f8fa0b5b') in 0.040178 seconds
  Import took 0.042136 seconds .

========================================================================
Received Import Request.
  Time since last request: 0.214105 seconds.
  path: Assets/Scripts/Menu.cs
  artifactKey: Guid(66e7eb5e8a59dc942b5f9b60884f1ee9) Importer(815301076,1909f56bfc062723c751e8b465ee728b)
Start importing Assets/Scripts/Menu.cs using Guid(66e7eb5e8a59dc942b5f9b60884f1ee9) Importer(815301076,1909f56bfc062723c751e8b465ee728b)  -> (artifact id: '46332b44d44bd29a21f158d5f8fa0b5b') in 0.004769 seconds
  Import took 0.006841 seconds .

========================================================================
Received Prepare
Registering precompiled user dll's ...
Registered in 0.003935 seconds.
Begin MonoManager ReloadAssembly
Native extension for WindowsStandalone target not found
Native extension for WebGL target not found
Refreshing native plugins compatible for Editor in 0.20 ms, found 0 plugins.
Preloading 0 native plugins for Editor in 0.00 ms.
Mono: successfully reloaded assembly
- Completed reload, in  0.941 seconds
Platform modules already initialized, skipping
Refreshing native plugins compatible for Editor in 0.20 ms, found 0 plugins.
Preloading 0 native plugins for Editor in 0.00 ms.
Unloading 1111 Unused Serialized files (Serialized files now loaded: 0)
System memory in use before: 60.2 MB.
System memory in use after: 60.3 MB.

Unloading 5 unused Assets to reduce memory usage. Loaded Objects now: 1569.
Total: 1.607300 ms (FindLiveObjects: 0.125300 ms CreateObjectMapping: 0.028300 ms MarkObjects: 1.405400 ms  DeleteObjects: 0.047400 ms)

========================================================================
Received Import Request.
  Time since last request: 89.093284 seconds.
  path: Assets/Scripts/MainMenu.cs
  artifactKey: Guid(c1af66ef1c46daa448265cb109a6c531) Importer(815301076,1909f56bfc062723c751e8b465ee728b)
Start importing Assets/Scripts/MainMenu.cs using Guid(c1af66ef1c46daa448265cb109a6c531) Importer(815301076,1909f56bfc062723c751e8b465ee728b)  -> (artifact id: '3901b968e9bc6e85db0acc5fc71043d2') in 0.034482 seconds
  Import took 0.036729 seconds .

========================================================================
Received Prepare
Registering precompiled user dll's ...
Registered in 0.003901 seconds.
Begin MonoManager ReloadAssembly
Native extension for WindowsStandalone target not found
Native extension for WebGL target not found
Refreshing native plugins compatible for Editor in 0.21 ms, found 0 plugins.
Preloading 0 native plugins for Editor in 0.00 ms.
Mono: successfully reloaded assembly
- Completed reload, in  0.923 seconds
Platform modules already initialized, skipping
Refreshing native plugins compatible for Editor in 0.20 ms, found 0 plugins.
Preloading 0 native plugins for Editor in 0.00 ms.
Unloading 1112 Unused Serialized files (Serialized files now loaded: 0)
System memory in use before: 60.2 MB.
System memory in use after: 60.3 MB.

Unloading 5 unused Assets to reduce memory usage. Loaded Objects now: 1573.
Total: 1.793000 ms (FindLiveObjects: 0.233000 ms CreateObjectMapping: 0.031400 ms MarkObjects: 1.474000 ms  DeleteObjects: 0.053500 ms)

========================================================================
Received Import Request.
  Time since last request: 23.835822 seconds.
  path: Assets/Scripts/StartGameMenu.cs
  artifactKey: Guid(1b9ec3879ca489344bafb994a60be280) Importer(815301076,1909f56bfc062723c751e8b465ee728b)
Start importing Assets/Scripts/StartGameMenu.cs using Guid(1b9ec3879ca489344bafb994a60be280) Importer(815301076,1909f56bfc062723c751e8b465ee728b)  -> (artifact id: '59d549c94798e46677f31e0656cc00aa') in 0.030201 seconds
  Import took 0.032265 seconds .

========================================================================
Received Prepare
Registering precompiled user dll's ...
Registered in 0.003878 seconds.
Begin MonoManager ReloadAssembly
Native extension for WindowsStandalone target not found
Native extension for WebGL target not found
Refreshing native plugins compatible for Editor in 0.21 ms, found 0 plugins.
Preloading 0 native plugins for Editor in 0.00 ms.
Mono: successfully reloaded assembly
- Completed reload, in  0.927 seconds
Platform modules already initialized, skipping
Refreshing native plugins compatible for Editor in 0.20 ms, found 0 plugins.
Preloading 0 native plugins for Editor in 0.00 ms.
Unloading 1113 Unused Serialized files (Serialized files now loaded: 0)
System memory in use before: 60.3 MB.
System memory in use after: 60.4 MB.

Unloading 5 unused Assets to reduce memory usage. Loaded Objects now: 1577.
Total: 1.580800 ms (FindLiveObjects: 0.129400 ms CreateObjectMapping: 0.028900 ms MarkObjects: 1.375000 ms  DeleteObjects: 0.046600 ms)

========================================================================
Received Import Request.
  Time since last request: 7.249606 seconds.
  path: Assets/Scripts/NewBehaviourScript.cs
  artifactKey: Guid(dc515bcddd8e80045a5108de499cad48) Importer(815301076,1909f56bfc062723c751e8b465ee728b)
Start importing Assets/Scripts/NewBehaviourScript.cs using Guid(dc515bcddd8e80045a5108de499cad48) Importer(815301076,1909f56bfc062723c751e8b465ee728b)  -> (artifact id: 'c9786bd2c67a0e5aad0fc05b30675d49') in 0.029192 seconds
  Import took 0.031225 seconds .

========================================================================
Received Prepare
Registering precompiled user dll's ...
Registered in 0.003917 seconds.
Begin MonoManager ReloadAssembly
Native extension for WindowsStandalone target not found
Native extension for WebGL target not found
Refreshing native plugins compatible for Editor in 0.21 ms, found 0 plugins.
Preloading 0 native plugins for Editor in 0.00 ms.
Mono: successfully reloaded assembly
- Completed reload, in  0.932 seconds
Platform modules already initialized, skipping
Refreshing native plugins compatible for Editor in 0.20 ms, found 0 plugins.
Preloading 0 native plugins for Editor in 0.00 ms.
Unloading 1114 Unused Serialized files (Serialized files now loaded: 0)
System memory in use before: 60.3 MB.
System memory in use after: 60.4 MB.

Unloading 5 unused Assets to reduce memory usage. Loaded Objects now: 1581.
Total: 1.585300 ms (FindLiveObjects: 0.122200 ms CreateObjectMapping: 0.028400 ms MarkObjects: 1.387400 ms  DeleteObjects: 0.046400 ms)

========================================================================
Received Import Request.
  Time since last request: 15.713140 seconds.
  path: Assets/Scripts/DifficultyLevelMenu.cs
  artifactKey: Guid(dc515bcddd8e80045a5108de499cad48) Importer(815301076,1909f56bfc062723c751e8b465ee728b)
Start importing Assets/Scripts/DifficultyLevelMenu.cs using Guid(dc515bcddd8e80045a5108de499cad48) Importer(815301076,1909f56bfc062723c751e8b465ee728b)  -> (artifact id: '4bfca53fb0ca7e1074ab9405003c7c44') in 0.030036 seconds
  Import took 0.032176 seconds .

========================================================================
Received Prepare
Registering precompiled user dll's ...
Registered in 0.003889 seconds.
Begin MonoManager ReloadAssembly
Native extension for WindowsStandalone target not found
Native extension for WebGL target not found
Refreshing native plugins compatible for Editor in 0.21 ms, found 0 plugins.
Preloading 0 native plugins for Editor in 0.00 ms.
Mono: successfully reloaded assembly
- Completed reload, in  0.919 seconds
Platform modules already initialized, skipping
Refreshing native plugins compatible for Editor in 0.20 ms, found 0 plugins.
Preloading 0 native plugins for Editor in 0.00 ms.
Unloading 1114 Unused Serialized files (Serialized files now loaded: 0)
System memory in use before: 60.3 MB.
System memory in use after: 60.4 MB.

Unloading 5 unused Assets to reduce memory usage. Loaded Objects now: 1584.
Total: 1.595500 ms (FindLiveObjects: 0.130600 ms CreateObjectMapping: 0.029200 ms MarkObjects: 1.384900 ms  DeleteObjects: 0.049900 ms)

========================================================================
Received Import Request.
  Time since last request: 20.411214 seconds.
  path: Assets/Scripts/GameObject.cs
  artifactKey: Guid(73da855859db20843b7b162f18cada0c) Importer(815301076,1909f56bfc062723c751e8b465ee728b)
Start importing Assets/Scripts/GameObject.cs using Guid(73da855859db20843b7b162f18cada0c) Importer(815301076,1909f56bfc062723c751e8b465ee728b)  -> (artifact id: '5fae5e98f60588a1f3600f559f430a6d') in 0.033998 seconds
  Import took 0.036221 seconds .

========================================================================
Received Prepare
Registering precompiled user dll's ...
Registered in 0.004409 seconds.
Begin MonoManager ReloadAssembly
Native extension for WindowsStandalone target not found
Native extension for WebGL target not found
Refreshing native plugins compatible for Editor in 0.21 ms, found 0 plugins.
Preloading 0 native plugins for Editor in 0.00 ms.
Mono: successfully reloaded assembly
- Completed reload, in  0.920 seconds
Platform modules already initialized, skipping
Refreshing native plugins compatible for Editor in 0.20 ms, found 0 plugins.
Preloading 0 native plugins for Editor in 0.00 ms.
Unloading 1115 Unused Serialized files (Serialized files now loaded: 0)
System memory in use before: 60.3 MB.
System memory in use after: 60.4 MB.

Unloading 5 unused Assets to reduce memory usage. Loaded Objects now: 1588.
Total: 1.863200 ms (FindLiveObjects: 0.159000 ms CreateObjectMapping: 0.036600 ms MarkObjects: 1.608200 ms  DeleteObjects: 0.058700 ms)

========================================================================
Received Import Request.
  Time since last request: 15.356886 seconds.
  path: Assets/Scripts/GamePauseMenu.cs
  artifactKey: Guid(fe992230262287841b67ad6794ed5417) Importer(815301076,1909f56bfc062723c751e8b465ee728b)
Start importing Assets/Scripts/GamePauseMenu.cs using Guid(fe992230262287841b67ad6794ed5417) Importer(815301076,1909f56bfc062723c751e8b465ee728b)  -> (artifact id: '1793ad8ff164864db094d26a8c99c960') in 0.031128 seconds
  Import took 0.033190 seconds .

========================================================================
Received Prepare
Registering precompiled user dll's ...
Registered in 0.003900 seconds.
Begin MonoManager ReloadAssembly
Native extension for WindowsStandalone target not found
Native extension for WebGL target not found
Refreshing native plugins compatible for Editor in 0.22 ms, found 0 plugins.
Preloading 0 native plugins for Editor in 0.00 ms.
Mono: successfully reloaded assembly
- Completed reload, in  0.921 seconds
Platform modules already initialized, skipping
Refreshing native plugins compatible for Editor in 0.20 ms, found 0 plugins.
Preloading 0 native plugins for Editor in 0.00 ms.
Unloading 1116 Unused Serialized files (Serialized files now loaded: 0)
System memory in use before: 60.4 MB.
System memory in use after: 60.4 MB.

Unloading 5 unused Assets to reduce memory usage. Loaded Objects now: 1592.
Total: 1.590400 ms (FindLiveObjects: 0.129000 ms CreateObjectMapping: 0.030000 ms MarkObjects: 1.383600 ms  DeleteObjects: 0.046900 ms)

========================================================================
Received Import Request.
  Time since last request: 57.680087 seconds.
  path: Assets/Scripts/UIScripts
  artifactKey: Guid(efdc1a7086123ef4790a88df58f58822) Importer(815301076,1909f56bfc062723c751e8b465ee728b)
Start importing Assets/Scripts/UIScripts using Guid(efdc1a7086123ef4790a88df58f58822) Importer(815301076,1909f56bfc062723c751e8b465ee728b)  -> (artifact id: 'faefe3ccaad1e32f8493cfc66d8a4399') in 0.028330 seconds
  Import took 0.030452 seconds .

========================================================================
Received Prepare
Registering precompiled user dll's ...
Registered in 0.003926 seconds.
Begin MonoManager ReloadAssembly
Native extension for WindowsStandalone target not found
Native extension for WebGL target not found
Refreshing native plugins compatible for Editor in 0.22 ms, found 0 plugins.
Preloading 0 native plugins for Editor in 0.00 ms.
Mono: successfully reloaded assembly
- Completed reload, in  0.947 seconds
Platform modules already initialized, skipping
Refreshing native plugins compatible for Editor in 0.21 ms, found 0 plugins.
Preloading 0 native plugins for Editor in 0.00 ms.
Unloading 1116 Unused Serialized files (Serialized files now loaded: 0)
System memory in use before: 60.4 MB.
System memory in use after: 60.5 MB.

Unloading 5 unused Assets to reduce memory usage. Loaded Objects now: 1595.
Total: 1.822400 ms (FindLiveObjects: 0.136900 ms CreateObjectMapping: 0.029100 ms MarkObjects: 1.596800 ms  DeleteObjects: 0.058100 ms)

========================================================================
Received Prepare
Registering precompiled user dll's ...
Registered in 0.004099 seconds.
Begin MonoManager ReloadAssembly
Native extension for WindowsStandalone target not found
Native extension for WebGL target not found
Refreshing native plugins compatible for Editor in 0.28 ms, found 0 plugins.
Preloading 0 native plugins for Editor in 0.00 ms.
Mono: successfully reloaded assembly
- Completed reload, in  0.953 seconds
Platform modules already initialized, skipping
Refreshing native plugins compatible for Editor in 0.20 ms, found 0 plugins.
Preloading 0 native plugins for Editor in 0.00 ms.
Unloading 1115 Unused Serialized files (Serialized files now loaded: 0)
System memory in use before: 60.4 MB.
System memory in use after: 60.4 MB.

Unloading 6 unused Assets to reduce memory usage. Loaded Objects now: 1597.
Total: 1.669800 ms (FindLiveObjects: 0.134200 ms CreateObjectMapping: 0.030600 ms MarkObjects: 1.444300 ms  DeleteObjects: 0.059800 ms)

========================================================================
Received Import Request.
  Time since last request: 87.191573 seconds.
  path: Assets/Scripts/UIScripts/GameScreen.cs
  artifactKey: Guid(6ca287b1b1c2e444e8fb4d630ec8004b) Importer(815301076,1909f56bfc062723c751e8b465ee728b)
Start importing Assets/Scripts/UIScripts/GameScreen.cs using Guid(6ca287b1b1c2e444e8fb4d630ec8004b) Importer(815301076,1909f56bfc062723c751e8b465ee728b)  -> (artifact id: '913fc7dfc4860e68a5e462741e0e63bd') in 0.031790 seconds
  Import took 0.034720 seconds .

========================================================================
Received Prepare
Registering precompiled user dll's ...
Registered in 0.004318 seconds.
Begin MonoManager ReloadAssembly
Native extension for WindowsStandalone target not found
Native extension for WebGL target not found
Refreshing native plugins compatible for Editor in 0.21 ms, found 0 plugins.
Preloading 0 native plugins for Editor in 0.00 ms.
Mono: successfully reloaded assembly
- Completed reload, in  0.935 seconds
Platform modules already initialized, skipping
Refreshing native plugins compatible for Editor in 0.21 ms, found 0 plugins.
Preloading 0 native plugins for Editor in 0.00 ms.
Unloading 1116 Unused Serialized files (Serialized files now loaded: 0)
System memory in use before: 60.4 MB.
System memory in use after: 60.5 MB.

Unloading 5 unused Assets to reduce memory usage. Loaded Objects now: 1601.
Total: 1.732100 ms (FindLiveObjects: 0.123000 ms CreateObjectMapping: 0.029000 ms MarkObjects: 1.530500 ms  DeleteObjects: 0.048600 ms)

========================================================================
Received Import Request.
  Time since last request: 64.784421 seconds.
  path: Assets/Scripts/UIScripts/DifficultyLevelMenu1.cs
  artifactKey: Guid(dc515bcddd8e80045a5108de499cad48) Importer(815301076,1909f56bfc062723c751e8b465ee728b)
Start importing Assets/Scripts/UIScripts/DifficultyLevelMenu1.cs using Guid(dc515bcddd8e80045a5108de499cad48) Importer(815301076,1909f56bfc062723c751e8b465ee728b)  -> (artifact id: '50220e20fd53dfe0a21252fa6fc3d784') in 0.029646 seconds
  Import took 0.032114 seconds .

========================================================================
Received Prepare
Registering precompiled user dll's ...
Registered in 0.003857 seconds.
Begin MonoManager ReloadAssembly
Native extension for WindowsStandalone target not found
Native extension for WebGL target not found
Refreshing native plugins compatible for Editor in 0.25 ms, found 0 plugins.
Preloading 0 native plugins for Editor in 0.00 ms.
Mono: successfully reloaded assembly
- Completed reload, in  0.957 seconds
Platform modules already initialized, skipping
Refreshing native plugins compatible for Editor in 0.20 ms, found 0 plugins.
Preloading 0 native plugins for Editor in 0.00 ms.
Unloading 1116 Unused Serialized files (Serialized files now loaded: 0)
System memory in use before: 60.4 MB.
System memory in use after: 60.5 MB.

Unloading 5 unused Assets to reduce memory usage. Loaded Objects now: 1604.
Total: 1.629200 ms (FindLiveObjects: 0.142100 ms CreateObjectMapping: 0.029800 ms MarkObjects: 1.407700 ms  DeleteObjects: 0.048500 ms)

========================================================================
Received Prepare
Registering precompiled user dll's ...
Registered in 0.004066 seconds.
Begin MonoManager ReloadAssembly
Native extension for WindowsStandalone target not found
Native extension for WebGL target not found
Refreshing native plugins compatible for Editor in 0.21 ms, found 0 plugins.
Preloading 0 native plugins for Editor in 0.00 ms.
Mono: successfully reloaded assembly
- Completed reload, in  0.920 seconds
Platform modules already initialized, skipping
Refreshing native plugins compatible for Editor in 0.20 ms, found 0 plugins.
Preloading 0 native plugins for Editor in 0.00 ms.
Unloading 1115 Unused Serialized files (Serialized files now loaded: 0)
System memory in use before: 60.4 MB.
System memory in use after: 60.5 MB.

Unloading 6 unused Assets to reduce memory usage. Loaded Objects now: 1606.
Total: 1.677700 ms (FindLiveObjects: 0.132900 ms CreateObjectMapping: 0.029800 ms MarkObjects: 1.459800 ms  DeleteObjects: 0.054000 ms)

========================================================================
Received Import Request.
  Time since last request: 24.147202 seconds.
  path: Assets/Scripts/UIScripts/DifficultyLevelMenu.cs
  artifactKey: Guid(eafe2aa339660b8418b00e68fc48a081) Importer(815301076,1909f56bfc062723c751e8b465ee728b)
Start importing Assets/Scripts/UIScripts/DifficultyLevelMenu.cs using Guid(eafe2aa339660b8418b00e68fc48a081) Importer(815301076,1909f56bfc062723c751e8b465ee728b)  -> (artifact id: '997d9573598df7d18ad2c9b5ef9c31b6') in 0.006839 seconds
  Import took 0.008925 seconds .

========================================================================
Received Prepare
Registering precompiled user dll's ...
Registered in 0.005927 seconds.
Begin MonoManager ReloadAssembly
Native extension for WindowsStandalone target not found
Native extension for WebGL target not found
Refreshing native plugins compatible for Editor in 0.21 ms, found 0 plugins.
Preloading 0 native plugins for Editor in 0.00 ms.
Mono: successfully reloaded assembly
- Completed reload, in  0.943 seconds
Platform modules already initialized, skipping
Refreshing native plugins compatible for Editor in 0.21 ms, found 0 plugins.
Preloading 0 native plugins for Editor in 0.00 ms.
Unloading 1116 Unused Serialized files (Serialized files now loaded: 0)
System memory in use before: 60.4 MB.
System memory in use after: 60.5 MB.

Unloading 5 unused Assets to reduce memory usage. Loaded Objects now: 1610.
Total: 1.649500 ms (FindLiveObjects: 0.139300 ms CreateObjectMapping: 0.030100 ms MarkObjects: 1.429200 ms  DeleteObjects: 0.049700 ms)

